0 info it worked if it ends with ok
1 verbose cli [ 'C:\\Program Files\\nodejs\\node.exe',
1 verbose cli   'C:\\Program Files\\nodejs\\node_modules\\npm\\bin\\npm-cli.js',
1 verbose cli   'start' ]
2 info using npm@3.10.10
3 info using node@v6.9.5
4 verbose run-script [ 'prestart', 'start', 'poststart' ]
5 info lifecycle deck_building_game@1.0.0~prestart: deck_building_game@1.0.0
6 silly lifecycle deck_building_game@1.0.0~prestart: no script for prestart, continuing
7 info lifecycle deck_building_game@1.0.0~start: deck_building_game@1.0.0
8 verbose lifecycle deck_building_game@1.0.0~start: unsafe-perm in lifecycle true
9 verbose lifecycle deck_building_game@1.0.0~start: PATH: C:\Program Files\nodejs\node_modules\npm\bin\node-gyp-bin;C:\Users\pbfrias17\Projects\SocketBeeGees\node_modules\.bin;C:\Users\pbfrias17\AppData\Roaming\npm;C:\Program Files\nodejs\;C:\Program Files (x86)\Common Files\Intel\Shared Libraries\redist\intel64\compiler;c:\windows\system32;c:\windows;c:\windows\system32\wbem;c:\windows\system32\windowspowershell\v1.0\;c:\program files\nodejs\;c:\program files\microsoft sql server\120\tools\binn\;c:\program files (x86)\gtksharp\2.12\bin;C:\Program Files\Git\cmd;C:\Program Files (x86)\NVIDIA Corporation\PhysX\Common;C:\Users\pbfrias17\AppData\Local\Microsoft\WindowsApps;C:\Users\pbfrias17\AppData\Roaming\npm;C:\Program Files (x86)\Microsoft VS Code\bin
10 verbose lifecycle deck_building_game@1.0.0~start: CWD: C:\Users\pbfrias17\Projects\SocketBeeGees
11 silly lifecycle deck_building_game@1.0.0~start: Args: [ '/d /s /c',
11 silly lifecycle   'webpack-dev-server --inline --hot --content-base /dist' ]
12 silly lifecycle deck_building_game@1.0.0~start: Returned: code: 3221225786  signal: null
13 info lifecycle deck_building_game@1.0.0~start: Failed to exec start script
14 verbose stack Error: deck_building_game@1.0.0 start: `webpack-dev-server --inline --hot --content-base /dist`
14 verbose stack Exit status 3221225786
14 verbose stack     at EventEmitter.<anonymous> (C:\Program Files\nodejs\node_modules\npm\lib\utils\lifecycle.js:255:16)
14 verbose stack     at emitTwo (events.js:106:13)
14 verbose stack     at EventEmitter.emit (events.js:191:7)
14 verbose stack     at ChildProcess.<anonymous> (C:\Program Files\nodejs\node_modules\npm\lib\utils\spawn.js:40:14)
14 verbose stack     at emitTwo (events.js:106:13)
14 verbose stack     at ChildProcess.emit (events.js:191:7)
14 verbose stack     at maybeClose (internal/child_process.js:877:16)
14 verbose stack     at Process.ChildProcess._handle.onexit (internal/child_process.js:226:5)
15 verbose pkgid deck_building_game@1.0.0
16 verbose cwd C:\Users\pbfrias17\Projects\SocketBeeGees
17 error Windows_NT 10.0.14393
18 error argv "C:\\Program Files\\nodejs\\node.exe" "C:\\Program Files\\nodejs\\node_modules\\npm\\bin\\npm-cli.js" "start"
19 error node v6.9.5
20 error npm  v3.10.10
21 error code ELIFECYCLE
22 error deck_building_game@1.0.0 start: `webpack-dev-server --inline --hot --content-base /dist`
22 error Exit status 3221225786
23 error Failed at the deck_building_game@1.0.0 start script 'webpack-dev-server --inline --hot --content-base /dist'.
23 error Make sure you have the latest version of node.js and npm installed.
23 error If you do, this is most likely a problem with the deck_building_game package,
23 error not with npm itself.
23 error Tell the author that this fails on your system:
23 error     webpack-dev-server --inline --hot --content-base /dist
23 error You can get information on how to open an issue for this project with:
23 error     npm bugs deck_building_game
23 error Or if that isn't available, you can get their info via:
23 error     npm owner ls deck_building_game
23 error There is likely additional logging output above.
24 verbose exit [ 1, true ]
